<?xml version="1.0" encoding="UTF-8"?>
<!-- Generated by org.testng.reporters.JUnitReportReporter -->
<testsuite skipped="0" hostname="DESKTOP-E7S6MJ8" name="com.TestCase.TradeTestCase_Folder.SidePanelTreadLicence_TestCase" tests="4" failures="0" timestamp="20 Dec 2019 11:58:56 GMT" time="71.917" errors="0">
  <testcase name="Hit_Side_Panel" time="8.086" classname="com.TestCase.TradeTestCase_Folder.SidePanelTreadLicence_TestCase"/>
  <testcase name="Hit_Edit_Button" time="7.824" classname="com.TestCase.TradeTestCase_Folder.SidePanelTreadLicence_TestCase"/>
  <testcase name="Hit_Property" time="8.867" classname="com.TestCase.TradeTestCase_Folder.SidePanelTreadLicence_TestCase"/>
  <testcase name="Hit_Owner_Details" time="47.140" classname="com.TestCase.TradeTestCase_Folder.SidePanelTreadLicence_TestCase"/>
</testsuite> <!-- com.TestCase.TradeTestCase_Folder.SidePanelTreadLicence_TestCase -->
