<?xml version="1.0" encoding="UTF-8"?>
<!-- Generated by org.testng.reporters.JUnitReportReporter -->
<testsuite skipped="0" hostname="DESKTOP-E7S6MJ8" name="com.TestCase.Property_Test_Case_Folder.SidePanel_Property_Tax_TestCase" tests="2" failures="0" timestamp="21 Nov 2019 07:49:29 GMT" time="96.529" errors="0">
  <testcase name="Hit_Property_Tax" time="46.315" classname="com.TestCase.Property_Test_Case_Folder.SidePanel_Property_Tax_TestCase"/>
  <testcase name="Edit_Button" time="50.214" classname="com.TestCase.Property_Test_Case_Folder.SidePanel_Property_Tax_TestCase"/>
</testsuite> <!-- com.TestCase.Property_Test_Case_Folder.SidePanel_Property_Tax_TestCase -->
