<?xml version="1.0" encoding="UTF-8"?>
<!-- Generated by org.testng.reporters.JUnitReportReporter -->
<testsuite skipped="0" hostname="DESKTOP-E7S6MJ8" name="com.TestCase.Birth_Cirtificate_Test_Case_Folder.Birth_Cirtificate_Test_Case" tests="1" failures="0" timestamp="21 Nov 2019 07:49:29 GMT" time="163.185" errors="0">
  <testcase name="BithCirtificate_Tabhit" time="163.185" classname="com.TestCase.Birth_Cirtificate_Test_Case_Folder.Birth_Cirtificate_Test_Case"/>
</testsuite> <!-- com.TestCase.Birth_Cirtificate_Test_Case_Folder.Birth_Cirtificate_Test_Case -->
