<?xml version="1.0" encoding="UTF-8"?>
<!-- Generated by org.testng.reporters.JUnitReportReporter -->
<testsuite skipped="0" hostname="DESKTOP-E7S6MJ8" name="com.TestCase.Mutation_Test_Case_Folder.SidePanel_Mutation_Test_Case" tests="1" failures="0" timestamp="21 Nov 2019 07:49:29 GMT" time="58.347" errors="0">
  <testcase name="Hit_SidePanel_Mutation" time="58.347" classname="com.TestCase.Mutation_Test_Case_Folder.SidePanel_Mutation_Test_Case"/>
</testsuite> <!-- com.TestCase.Mutation_Test_Case_Folder.SidePanel_Mutation_Test_Case -->
