<?xml version="1.0" encoding="UTF-8"?>
<!-- Generated by org.testng.reporters.JUnitReportReporter -->
<testsuite skipped="0" hostname="DESKTOP-E7S6MJ8" name="com.TestCase.Death_Test_Case_Folder.Death_Test_Case" tests="1" failures="0" timestamp="21 Nov 2019 07:49:29 GMT" time="341.541" errors="0">
  <testcase name="Death_TabHit" time="341.541" classname="com.TestCase.Death_Test_Case_Folder.Death_Test_Case"/>
</testsuite> <!-- com.TestCase.Death_Test_Case_Folder.Death_Test_Case -->
