<?xml version="1.0" encoding="UTF-8"?>
<!-- Generated by org.testng.reporters.JUnitReportReporter -->
<testsuite skipped="2" hostname="DESKTOP-E7S6MJ8" name="com.TestCase.RegistrationandLoginTestCase_Folder.Login_TestCase" tests="3" failures="0" timestamp="18 Dec 2019 13:14:14 GMT" time="1.738" errors="0">
  <testcase name="Orginal_user_pass" time="1.738" classname="com.TestCase.RegistrationandLoginTestCase_Folder.Login_TestCase"/>
  <testcase name="Without_Username" classname="com.TestCase.RegistrationandLoginTestCase_Folder.Login_TestCase">
    <skipped/>
  </testcase> <!-- Without_Username -->
  <testcase name="Without_Password" classname="com.TestCase.RegistrationandLoginTestCase_Folder.Login_TestCase">
    <skipped/>
  </testcase> <!-- Without_Password -->
</testsuite> <!-- com.TestCase.RegistrationandLoginTestCase_Folder.Login_TestCase -->
