<?xml version="1.0" encoding="UTF-8"?>
<!-- Generated by org.testng.reporters.JUnitReportReporter -->
<testsuite skipped="0" hostname="DESKTOP-E7S6MJ8" name="com.TestCase.BuildingTestCase_Folder.SidePanelBuildingplan_TestCase" tests="1" failures="0" timestamp="20 Dec 2019 12:30:21 GMT" time="49.342" errors="0">
  <testcase name="Hit_SidePanel_Building_plan" time="49.342" classname="com.TestCase.BuildingTestCase_Folder.SidePanelBuildingplan_TestCase"/>
</testsuite> <!-- com.TestCase.BuildingTestCase_Folder.SidePanelBuildingplan_TestCase -->
