<?xml version="1.0" encoding="UTF-8"?>
<!-- Generated by org.testng.reporters.JUnitReportReporter -->
<testsuite skipped="1" hostname="DESKTOP-E7S6MJ8" name="com.TestCase.RegistrationandLoginTestCase_Folder.Application_TestCase" tests="1" failures="0" timestamp="18 Dec 2019 09:22:21 GMT" time="0.000" errors="0">
  <testcase name="Hit_Application" time="0.000" classname="com.TestCase.RegistrationandLoginTestCase_Folder.Application_TestCase">
    <skipped/>
  </testcase> <!-- Hit_Application -->
</testsuite> <!-- com.TestCase.RegistrationandLoginTestCase_Folder.Application_TestCase -->
