<?xml version="1.0" encoding="UTF-8"?>
<!-- Generated by org.testng.reporters.JUnitReportReporter -->
<testsuite skipped="0" hostname="DESKTOP-E7S6MJ8" name="com.TestCase.PropertyTestCase_Folder.Property_TestCase" tests="1" failures="0" timestamp="20 Dec 2019 11:58:56 GMT" time="96.115" errors="0">
  <testcase name="Property_TabHit" time="96.115" classname="com.TestCase.PropertyTestCase_Folder.Property_TestCase"/>
</testsuite> <!-- com.TestCase.PropertyTestCase_Folder.Property_TestCase -->
