<?xml version="1.0" encoding="UTF-8"?>
<!-- Generated by org.testng.reporters.JUnitReportReporter -->
<testsuite skipped="0" hostname="DESKTOP-E7S6MJ8" name="com.TestCase.RegistrationandLoginTestCase_Folder.Login_TestCase" tests="3" failures="0" timestamp="05 Dec 2019 09:29:26 GMT" time="22.595" errors="0">
  <testcase name="Without_Username" time="7.490" classname="com.TestCase.RegistrationandLoginTestCase_Folder.Login_TestCase"/>
  <testcase name="Without_Password" time="7.919" classname="com.TestCase.RegistrationandLoginTestCase_Folder.Login_TestCase"/>
  <testcase name="Orginal_user_pass" time="7.186" classname="com.TestCase.RegistrationandLoginTestCase_Folder.Login_TestCase"/>
</testsuite> <!-- com.TestCase.RegistrationandLoginTestCase_Folder.Login_TestCase -->
