<?xml version="1.0" encoding="UTF-8"?>
<!-- Generated by org.testng.reporters.JUnitReportReporter -->
<testsuite skipped="0" hostname="DESKTOP-E7S6MJ8" name="com.TestCase.Registration_and_Login.Login_Test_Case" tests="3" failures="0" timestamp="25 Nov 2019 08:01:57 GMT" time="21.892" errors="0">
  <testcase name="Without_Username" time="6.880" classname="com.TestCase.Registration_and_Login.Login_Test_Case"/>
  <testcase name="Without_Password" time="7.568" classname="com.TestCase.Registration_and_Login.Login_Test_Case"/>
  <testcase name="Orginal_user_pass" time="7.444" classname="com.TestCase.Registration_and_Login.Login_Test_Case"/>
</testsuite> <!-- com.TestCase.Registration_and_Login.Login_Test_Case -->
