<?xml version="1.0" encoding="UTF-8"?>
<!-- Generated by org.testng.reporters.JUnitReportReporter -->
<testsuite skipped="0" hostname="DESKTOP-E7S6MJ8" name="com.TestCase.Building_Test_Case_Folder.Building_Test_Case" tests="3" failures="0" timestamp="21 Nov 2019 07:49:28 GMT" time="136.061" errors="0">
  <testcase name="Building_Tab" time="3.141" classname="com.TestCase.Building_Test_Case_Folder.Building_Test_Case"/>
  <testcase name="Building_Droupdown" time="0.124" classname="com.TestCase.Building_Test_Case_Folder.Building_Test_Case"/>
  <testcase name="Building_From" time="132.796" classname="com.TestCase.Building_Test_Case_Folder.Building_Test_Case"/>
</testsuite> <!-- com.TestCase.Building_Test_Case_Folder.Building_Test_Case -->
