<?xml version="1.0" encoding="UTF-8"?>
<!-- Generated by org.testng.reporters.JUnitReportReporter -->
<testsuite skipped="0" hostname="DESKTOP-E7S6MJ8" name="com.TestCase.Building_Complain_Test_Case_Folder.Building_Complain_Test_Case" tests="3" failures="0" timestamp="21 Nov 2019 07:49:29 GMT" time="130.883" errors="0">
  <testcase name="Building_Complain_URL_HIT_Test" time="0.094" classname="com.TestCase.Building_Complain_Test_Case_Folder.Building_Complain_Test_Case"/>
  <testcase name="address_details_link" time="18.378" classname="com.TestCase.Building_Complain_Test_Case_Folder.Building_Complain_Test_Case"/>
  <testcase name="building_Details" time="112.411" classname="com.TestCase.Building_Complain_Test_Case_Folder.Building_Complain_Test_Case"/>
</testsuite> <!-- com.TestCase.Building_Complain_Test_Case_Folder.Building_Complain_Test_Case -->
