<?xml version="1.0" encoding="UTF-8"?>
<!-- Generated by org.testng.reporters.JUnitReportReporter -->
<testsuite skipped="0" hostname="DESKTOP-E7S6MJ8" name="com.TestCase.BuildingTestCase_Folder.Building_TestCase" tests="3" failures="0" timestamp="20 Dec 2019 12:30:21 GMT" time="85.020" errors="0">
  <testcase name="Building_Tab" time="3.148" classname="com.TestCase.BuildingTestCase_Folder.Building_TestCase"/>
  <testcase name="Building_Droupdown" time="0.038" classname="com.TestCase.BuildingTestCase_Folder.Building_TestCase"/>
  <testcase name="Building_From" time="81.834" classname="com.TestCase.BuildingTestCase_Folder.Building_TestCase"/>
</testsuite> <!-- com.TestCase.BuildingTestCase_Folder.Building_TestCase -->
