<?xml version="1.0" encoding="UTF-8"?>
<!-- Generated by org.testng.reporters.JUnitReportReporter -->
<testsuite skipped="0" hostname="DESKTOP-E7S6MJ8" name="com.TestCase.TradeTestCase_Folder.Trade_TestCase" tests="1" failures="0" timestamp="03 Dec 2019 09:26:52 GMT" time="204.610" errors="0">
  <testcase name="Tread_Licence_TabHit" time="204.610" classname="com.TestCase.TradeTestCase_Folder.Trade_TestCase"/>
</testsuite> <!-- com.TestCase.TradeTestCase_Folder.Trade_TestCase -->
