<?xml version="1.0" encoding="UTF-8"?>
<!-- Generated by org.testng.reporters.JUnitReportReporter -->
<testsuite skipped="0" hostname="DESKTOP-E7S6MJ8" name="com.TestCase.RegistrationandLoginTestCase_Folder.Login_TestCase" tests="3" failures="0" timestamp="14 Dec 2019 05:24:45 GMT" time="21.467" errors="0">
  <testcase name="Without_Username" time="7.076" classname="com.TestCase.RegistrationandLoginTestCase_Folder.Login_TestCase"/>
  <testcase name="Without_Password" time="7.360" classname="com.TestCase.RegistrationandLoginTestCase_Folder.Login_TestCase"/>
  <testcase name="Orginal_user_pass" time="7.031" classname="com.TestCase.RegistrationandLoginTestCase_Folder.Login_TestCase"/>
</testsuite> <!-- com.TestCase.RegistrationandLoginTestCase_Folder.Login_TestCase -->
