<?xml version="1.0" encoding="UTF-8"?>
<!-- Generated by org.testng.reporters.JUnitReportReporter -->
<testsuite skipped="0" hostname="DESKTOP-E7S6MJ8" name="com.TestCase.Trade_Test_Case_Folder.Trade_Test_Case" tests="1" failures="0" timestamp="21 Nov 2019 07:49:29 GMT" time="155.151" errors="0">
  <testcase name="Tread_Licence_TabHit" time="155.151" classname="com.TestCase.Trade_Test_Case_Folder.Trade_Test_Case"/>
</testsuite> <!-- com.TestCase.Trade_Test_Case_Folder.Trade_Test_Case -->
