<?xml version="1.0" encoding="UTF-8"?>
<!-- Generated by org.testng.reporters.JUnitReportReporter -->
<testsuite skipped="0" hostname="DESKTOP-E7S6MJ8" name="com.TestCase.Death_Test_Case_Folder.SidePanel_Death_Cirtificate_TestCase" tests="2" failures="0" timestamp="21 Nov 2019 07:49:29 GMT" time="66.709" errors="0">
  <testcase name="Hit_Side_Panel" time="9.603" classname="com.TestCase.Death_Test_Case_Folder.SidePanel_Death_Cirtificate_TestCase"/>
  <testcase name="Hit_Edit_Button" time="57.106" classname="com.TestCase.Death_Test_Case_Folder.SidePanel_Death_Cirtificate_TestCase"/>
</testsuite> <!-- com.TestCase.Death_Test_Case_Folder.SidePanel_Death_Cirtificate_TestCase -->
