<?xml version="1.0" encoding="UTF-8"?>
<!-- Generated by org.testng.reporters.JUnitReportReporter -->
<testsuite skipped="0" hostname="DESKTOP-E7S6MJ8" name="com.TestCase.RegistrationandLoginTestCase_Folder.Login_TestCase" tests="3" failures="0" timestamp="13 Dec 2019 14:05:33 GMT" time="21.670" errors="0">
  <testcase name="Without_Username" time="7.052" classname="com.TestCase.RegistrationandLoginTestCase_Folder.Login_TestCase"/>
  <testcase name="Without_Password" time="7.271" classname="com.TestCase.RegistrationandLoginTestCase_Folder.Login_TestCase"/>
  <testcase name="Orginal_user_pass" time="7.347" classname="com.TestCase.RegistrationandLoginTestCase_Folder.Login_TestCase"/>
</testsuite> <!-- com.TestCase.RegistrationandLoginTestCase_Folder.Login_TestCase -->
