<?xml version="1.0" encoding="UTF-8"?>
<!-- Generated by org.testng.reporters.JUnitReportReporter -->
<testsuite skipped="0" hostname="DESKTOP-E7S6MJ8" name="com.TestCase.DeathTestCase_Folder.SidePanelDeathCirtificate_TestCase" tests="2" failures="0" timestamp="20 Dec 2019 08:39:34 GMT" time="57.282" errors="0">
  <testcase name="Hit_Side_Panel" time="7.742" classname="com.TestCase.DeathTestCase_Folder.SidePanelDeathCirtificate_TestCase"/>
  <testcase name="Hit_Edit_Button" time="49.540" classname="com.TestCase.DeathTestCase_Folder.SidePanelDeathCirtificate_TestCase"/>
</testsuite> <!-- com.TestCase.DeathTestCase_Folder.SidePanelDeathCirtificate_TestCase -->
