<?xml version="1.0" encoding="UTF-8"?>
<!-- Generated by org.testng.reporters.JUnitReportReporter -->
<testsuite skipped="0" hostname="DESKTOP-E7S6MJ8" name="com.TestCase.Birth_Cirtificate_Test_Case_Folder.SidePanel_Birth_Cirtificate_TestCase" tests="2" failures="0" timestamp="21 Nov 2019 07:49:28 GMT" time="50.720" errors="0">
  <testcase name="Hit_Side_Panel" time="7.906" classname="com.TestCase.Birth_Cirtificate_Test_Case_Folder.SidePanel_Birth_Cirtificate_TestCase"/>
  <testcase name="Edit" time="42.814" classname="com.TestCase.Birth_Cirtificate_Test_Case_Folder.SidePanel_Birth_Cirtificate_TestCase"/>
</testsuite> <!-- com.TestCase.Birth_Cirtificate_Test_Case_Folder.SidePanel_Birth_Cirtificate_TestCase -->
