<?xml version="1.0" encoding="UTF-8"?>
<!-- Generated by org.testng.reporters.JUnitReportReporter -->
<testsuite skipped="0" hostname="DESKTOP-E7S6MJ8" name="com.TestCase.BirthCirtificateTestCase_Folder.BirthCirtificate_TestCase" tests="1" failures="0" timestamp="19 Dec 2019 10:28:21 GMT" time="133.758" errors="0">
  <testcase name="BithCirtificate_Tabhit" time="133.758" classname="com.TestCase.BirthCirtificateTestCase_Folder.BirthCirtificate_TestCase"/>
</testsuite> <!-- com.TestCase.BirthCirtificateTestCase_Folder.BirthCirtificate_TestCase -->
