<?xml version="1.0" encoding="UTF-8"?>
<!-- Generated by org.testng.reporters.JUnitReportReporter -->
<testsuite skipped="0" hostname="DESKTOP-E7S6MJ8" name="com.TestCase.HordingTestCase_Folder.Hording_Test_Case" tests="1" failures="0" timestamp="14 Dec 2019 08:50:10 GMT" time="76.420" errors="0">
  <testcase name="Hit_Hording_and_Advertisment_Tab" time="76.420" classname="com.TestCase.HordingTestCase_Folder.Hording_Test_Case"/>
</testsuite> <!-- com.TestCase.HordingTestCase_Folder.Hording_Test_Case -->
