<?xml version="1.0" encoding="UTF-8"?>
<!-- Generated by org.testng.reporters.JUnitReportReporter -->
<testsuite skipped="0" hostname="DESKTOP-E7S6MJ8" name="com.TestCase.BirthCirtificateTestCase_Folder.SidePanelBirthCirtificate_TestCase" tests="2" failures="0" timestamp="20 Dec 2019 09:21:04 GMT" time="45.961" errors="0">
  <testcase name="Hit_Side_Panel" time="7.621" classname="com.TestCase.BirthCirtificateTestCase_Folder.SidePanelBirthCirtificate_TestCase"/>
  <testcase name="Edit" time="38.340" classname="com.TestCase.BirthCirtificateTestCase_Folder.SidePanelBirthCirtificate_TestCase"/>
</testsuite> <!-- com.TestCase.BirthCirtificateTestCase_Folder.SidePanelBirthCirtificate_TestCase -->
