<?xml version="1.0" encoding="UTF-8"?>
<!-- Generated by org.testng.reporters.JUnitReportReporter -->
<testsuite skipped="0" hostname="DESKTOP-E7S6MJ8" name="com.TestCase.Building_Test_Case_Folder.SidePanelBuildingplan_TestCase" tests="1" failures="0" timestamp="28 Nov 2019 04:55:08 GMT" time="0.001" errors="1">
  <testcase name="Hit_SidePanel_Building_plan" time="0.001" classname="com.TestCase.Building_Test_Case_Folder.SidePanelBuildingplan_TestCase">
    <error type="java.lang.NullPointerException">
      <![CDATA[java.lang.NullPointerException
at com.PageObject.Building_Plan_Folder.Side_Panel_Building_Plan.Hit_Side_Panel_Building_Plan(Side_Panel_Building_Plan.java:16)
at com.TestCase.Building_Test_Case_Folder.SidePanelBuildingplan_TestCase.Hit_SidePanel_Building_plan(SidePanel_Building_plan_TestCase.java:14)
at sun.reflect.NativeMethodAccessorImpl.invoke0(Native Method)
at sun.reflect.NativeMethodAccessorImpl.invoke(NativeMethodAccessorImpl.java:62)
at sun.reflect.DelegatingMethodAccessorImpl.invoke(DelegatingMethodAccessorImpl.java:43)
at java.lang.reflect.Method.invoke(Method.java:498)
at org.testng.internal.MethodInvocationHelper.invokeMethod(MethodInvocationHelper.java:124)
at org.testng.internal.Invoker.invokeMethod(Invoker.java:583)
at org.testng.internal.Invoker.invokeTestMethod(Invoker.java:719)
at org.testng.internal.Invoker.invokeTestMethods(Invoker.java:989)
at org.testng.internal.TestMethodWorker.invokeTestMethods(TestMethodWorker.java:125)
at org.testng.internal.TestMethodWorker.run(TestMethodWorker.java:109)
at org.testng.TestRunner.privateRun(TestRunner.java:648)
at org.testng.TestRunner.run(TestRunner.java:505)
at org.testng.SuiteRunner.runTest(SuiteRunner.java:455)
at org.testng.SuiteRunner.runSequentially(SuiteRunner.java:450)
at org.testng.SuiteRunner.privateRun(SuiteRunner.java:415)
at org.testng.SuiteRunner.run(SuiteRunner.java:364)
at org.testng.SuiteRunnerWorker.runSuite(SuiteRunnerWorker.java:52)
at org.testng.SuiteRunnerWorker.run(SuiteRunnerWorker.java:84)
at org.testng.TestNG.runSuitesSequentially(TestNG.java:1208)
at org.testng.TestNG.runSuitesLocally(TestNG.java:1137)
at org.testng.TestNG.runSuites(TestNG.java:1049)
at org.testng.TestNG.run(TestNG.java:1017)
at org.testng.IDEARemoteTestNG.run(IDEARemoteTestNG.java:73)
at org.testng.RemoteTestNGStarter.main(RemoteTestNGStarter.java:123)
]]>
    </error>
  </testcase> <!-- Hit_SidePanel_Building_plan -->
</testsuite> <!-- com.TestCase.Building_Test_Case_Folder.SidePanelBuildingplan_TestCase -->
