<?xml version="1.0" encoding="UTF-8"?>
<!-- Generated by org.testng.reporters.JUnitReportReporter -->
<testsuite skipped="0" hostname="DESKTOP-E7S6MJ8" name="com.TestCase.EmailTestCase_Folder.SendEmail_TestCase" tests="1" failures="0" timestamp="13 Dec 2019 14:05:33 GMT" time="5.244" errors="0">
  <testcase name="EmailSend_Message" time="5.244" classname="com.TestCase.EmailTestCase_Folder.SendEmail_TestCase"/>
</testsuite> <!-- com.TestCase.EmailTestCase_Folder.SendEmail_TestCase -->
