<?xml version="1.0" encoding="UTF-8"?>
<!-- Generated by org.testng.reporters.JUnitReportReporter -->
<testsuite skipped="0" hostname="DESKTOP-E7S6MJ8" name="com.TestCase.Trade_Test_Case_Folder.SidePanel_Tread_Licence_TestCase" tests="4" failures="0" timestamp="21 Nov 2019 07:49:29 GMT" time="72.299" errors="0">
  <testcase name="Hit_Side_Panel" time="8.135" classname="com.TestCase.Trade_Test_Case_Folder.SidePanel_Tread_Licence_TestCase"/>
  <testcase name="Hit_Edit_Button" time="8.918" classname="com.TestCase.Trade_Test_Case_Folder.SidePanel_Tread_Licence_TestCase"/>
  <testcase name="Hit_Property" time="9.276" classname="com.TestCase.Trade_Test_Case_Folder.SidePanel_Tread_Licence_TestCase"/>
  <testcase name="Hit_Owner_Details" time="45.970" classname="com.TestCase.Trade_Test_Case_Folder.SidePanel_Tread_Licence_TestCase"/>
</testsuite> <!-- com.TestCase.Trade_Test_Case_Folder.SidePanel_Tread_Licence_TestCase -->
