<?xml version="1.0" encoding="UTF-8"?>
<!-- Generated by org.testng.reporters.JUnitReportReporter -->
<testsuite skipped="0" hostname="DESKTOP-E7S6MJ8" name="com.TestCase.PaymentTestCase_Folder.SidePanelPayment_TestCase" tests="1" failures="0" timestamp="21 Nov 2019 07:49:29 GMT" time="37.990" errors="0">
  <testcase name="Payment_History" time="37.990" classname="com.TestCase.PaymentTestCase_Folder.SidePanelPayment_TestCase"/>
</testsuite> <!-- com.TestCase.PaymentTestCase_Folder.SidePanelPayment_TestCase -->
