<?xml version="1.0" encoding="UTF-8"?>
<!-- Generated by org.testng.reporters.JUnitReportReporter -->
<testsuite skipped="0" hostname="DESKTOP-E7S6MJ8" name="com.TestCase.PropertyTestCase_Folder.SidePanelPropertyTax_TestCase" tests="2" failures="0" timestamp="20 Dec 2019 12:30:21 GMT" time="46.849" errors="0">
  <testcase name="Hit_Property_Tax" time="8.086" classname="com.TestCase.PropertyTestCase_Folder.SidePanelPropertyTax_TestCase"/>
  <testcase name="Edit_Button" time="38.763" classname="com.TestCase.PropertyTestCase_Folder.SidePanelPropertyTax_TestCase"/>
</testsuite> <!-- com.TestCase.PropertyTestCase_Folder.SidePanelPropertyTax_TestCase -->
