<?xml version="1.0" encoding="UTF-8"?>
<!-- Generated by org.testng.reporters.JUnitReportReporter -->
<testsuite skipped="0" hostname="DESKTOP-E7S6MJ8" name="com.TestCase.Mutation_Test_Case_Folder.Mutation_Test_Case" tests="6" failures="0" timestamp="21 Nov 2019 07:49:29 GMT" time="216.957" errors="0">
  <testcase name="Hit_Mutation_Certificate" time="41.058" classname="com.TestCase.Mutation_Test_Case_Folder.Mutation_Test_Case"/>
  <testcase name="Hit_Address_Seletion" time="11.428" classname="com.TestCase.Mutation_Test_Case_Folder.Mutation_Test_Case"/>
  <testcase name="Hit_Mutation_Details" time="42.751" classname="com.TestCase.Mutation_Test_Case_Folder.Mutation_Test_Case"/>
  <testcase name="Hit_House_Details" time="38.831" classname="com.TestCase.Mutation_Test_Case_Folder.Mutation_Test_Case"/>
  <testcase name="Hit_Application_Details" time="4.806" classname="com.TestCase.Mutation_Test_Case_Folder.Mutation_Test_Case"/>
  <testcase name="Hit_Owner_Details" time="78.083" classname="com.TestCase.Mutation_Test_Case_Folder.Mutation_Test_Case"/>
</testsuite> <!-- com.TestCase.Mutation_Test_Case_Folder.Mutation_Test_Case -->
