<?xml version="1.0" encoding="UTF-8"?>
<!-- Generated by org.testng.reporters.JUnitReportReporter -->
<testsuite skipped="0" hostname="DESKTOP-E7S6MJ8" name="com.TestCase.EmailTestCase_Folder.SendEmail_TestCase" tests="1" failures="0" timestamp="19 Dec 2019 08:10:13 GMT" time="21.126" errors="0">
  <testcase name="EmailSend_Message" time="21.126" classname="com.TestCase.EmailTestCase_Folder.SendEmail_TestCase"/>
</testsuite> <!-- com.TestCase.EmailTestCase_Folder.SendEmail_TestCase -->
