<?xml version="1.0" encoding="UTF-8"?>
<!-- Generated by org.testng.reporters.JUnitReportReporter -->
<testsuite skipped="0" hostname="DESKTOP-E7S6MJ8" name="com.TestCase.PaymentTestCase_Folder.Application_TestCase" tests="1" failures="0" timestamp="29 Nov 2019 07:53:35 GMT" time="152.678" errors="0">
  <testcase name="Hit_Application" time="152.678" classname="com.TestCase.PaymentTestCase_Folder.Application_TestCase"/>
</testsuite> <!-- com.TestCase.PaymentTestCase_Folder.Application_TestCase -->
