<?xml version="1.0" encoding="UTF-8"?>
<!-- Generated by org.testng.reporters.JUnitReportReporter -->
<testsuite skipped="0" hostname="DESKTOP-E7S6MJ8" name="com.TestCase.RegistrationandLoginTestCase_Folder.Login_TestCase" tests="3" failures="0" timestamp="14 Dec 2019 08:50:10 GMT" time="21.306" errors="0">
  <testcase name="Without_Username" time="6.936" classname="com.TestCase.RegistrationandLoginTestCase_Folder.Login_TestCase"/>
  <testcase name="Without_Password" time="7.310" classname="com.TestCase.RegistrationandLoginTestCase_Folder.Login_TestCase"/>
  <testcase name="Orginal_user_pass" time="7.060" classname="com.TestCase.RegistrationandLoginTestCase_Folder.Login_TestCase"/>
</testsuite> <!-- com.TestCase.RegistrationandLoginTestCase_Folder.Login_TestCase -->
