<?xml version="1.0" encoding="UTF-8"?>
<!-- Generated by org.testng.reporters.JUnitReportReporter -->
<testsuite skipped="0" hostname="DESKTOP-E7S6MJ8" name="com.TestCase.DeathTestCase_Folder.Death_TestCase" tests="1" failures="0" timestamp="20 Dec 2019 08:39:34 GMT" time="288.345" errors="0">
  <testcase name="Death_TabHit" time="288.345" classname="com.TestCase.DeathTestCase_Folder.Death_TestCase"/>
</testsuite> <!-- com.TestCase.DeathTestCase_Folder.Death_TestCase -->
