<?xml version="1.0" encoding="UTF-8"?>
<!-- Generated by org.testng.reporters.JUnitReportReporter -->
<testsuite skipped="0" hostname="DESKTOP-E7S6MJ8" name="com.TestCase.Building_Complain_Test_Case_Folder.SidePanel_Building_Complain_Test_Case" tests="1" failures="0" timestamp="21 Nov 2019 07:49:29 GMT" time="119.156" errors="0">
  <testcase name="Hit_Side_Panel_Building_Completion" time="119.156" classname="com.TestCase.Building_Complain_Test_Case_Folder.SidePanel_Building_Complain_Test_Case"/>
</testsuite> <!-- com.TestCase.Building_Complain_Test_Case_Folder.SidePanel_Building_Complain_Test_Case -->
