<?xml version="1.0" encoding="UTF-8"?>
<!-- Generated by org.testng.reporters.JUnitReportReporter -->
<testsuite skipped="0" hostname="DESKTOP-E7S6MJ8" name="com.TestCase.DeathTestCase_Folder.SidePanelDeathCirtificate_TestCase" tests="2" failures="0" timestamp="20 Dec 2019 10:34:59 GMT" time="58.427" errors="0">
  <testcase name="Hit_Side_Panel" time="8.254" classname="com.TestCase.DeathTestCase_Folder.SidePanelDeathCirtificate_TestCase"/>
  <testcase name="Hit_Edit_Button" time="50.173" classname="com.TestCase.DeathTestCase_Folder.SidePanelDeathCirtificate_TestCase"/>
</testsuite> <!-- com.TestCase.DeathTestCase_Folder.SidePanelDeathCirtificate_TestCase -->
